[37m...
[0m [34mSlow test round
------------------------------
[0m
ME1      LH1      ME2      ME3      LH2      ME4      ME5      ME6      LH3      LH4      ME7      LH5      LH6      LH7      ME8      LH8      
------------------------------------------------------------------------------------------------------------------------------------------------
[0m[30mStarted[0m
[0m         [30mStarted[0m
[0m                  [30mStarted[0m
[0m                  [46m[30mBoard*[0m
[0m[46m[30mBoard[0m
[0m                           [30mStarted[0m
[0m                                    [30mStarted[0m
[0m                                    [41m[30mBoard*[0m
[0m         [41m[30mBoard[0m
[0m         [42m[30mRow[0m
------------------------------------------------------------------------------------------------------------------------------------------------[0m
[0m                                             [30mStarted[0m
[0m                                             [46m[30mBoard*[0m
[0m                           [46m[30mBoard[0m
[0m                                                      [30mStarted[0m
[0m                                                               [30mStarted[0m
[0m                                                               [46m[30mBoard*[0m
[0m                                                      [46m[30mBoard[0m
[0m                                                      [42m[30mRow[0m
------------------------------------------------------------------------------------------------------------------------------------------------[0m
[0m                                                                        [30mStarted[0m
[0m                                                                                 [30mStarted[0m
[0m                                                                                 [41m[30mBoard*[0m
[0m                                                                        [41m[30mBoard[0m
[0m                                                                                          [30mStarted[0m
[0m                                                                                                   [30mStarted[0m
[0m                                                                                                            [30mStarted[0m
[0m                                                                                                            [41m[30mBoard*[0m
[0m                                                                                                   [41m[30mBoard[0m
[0m                                                                                                   [42m[30mRow[0m
------------------------------------------------------------------------------------------------------------------------------------------------[0m
[0m                                                                                                                     [30mStarted[0m
[0m                                                                                                                              [30mStarted[0m
[0m                                                                                                                              [46m[30mBoard*[0m
[0m                                                                                          [46m[30mBoard[0m
[0m                                                                                                                                       [30mStarted[0m
[0m                                                                                                                                       [41m[30mBoard*[0m
[0m                                                                                                                     [41m[30mBoard[0m
[0m                                                                                                                     [42m[30mRow[0m
------------------------------------------------------------------------------------------------------------------------------------------------[0m
[0m 

[0m
[37m...
[0m [34mFast test round
------------------------------
[0m
LH1      LH2      LH3      LH4      LH5      ME1      LH6      ME2      ME3      ME4      ME5      LH7      ME6      LH8      ME7      ME8      
------------------------------------------------------------------------------------------------------------------------------------------------
[0m[30mStarted[0m
[0m         [30mStarted[0m
[0m         [41m[30mBoard*[0m
[0m                  [30mStarted[0m
[0m[41m[30mBoard[0m
[0m                           [30mStarted[0m
[0m                                    [30mStarted[0m
[0m                           [41m[30mBoard*[0m
[0m                  [41m[30mBoard[0m
[0m                  [42m[30mRow[0m
------------------------------------------------------------------------------------------------------------------------------------------------[0m
[0m                                             [30mStarted[0m
[0m                                                      [30mStarted[0m
[0m                                                      [41m[30mBoard*[0m
[0m                                    [41m[30mBoard[0m
[0m                                                               [30mStarted[0m
[0m                                                                        [30mStarted[0m
[0m                                                               [46m[30mBoard*[0m
[0m                                             [46m[30mBoard[0m
[0m                                                                                 [30mStarted[0m
[0m                                             [42m[30mRow[0m
------------------------------------------------------------------------------------------------------------------------------------------------[0m
[0m                                                                                 [46m[30mBoard*[0m
[0m                                                                        [46m[30mBoard[0m
[0m                                                                                          [30mStarted[0m
[0m                                                                                                   [30mStarted[0m
[0m                                                                                                            [30mStarted[0m
[0m                                                                                                            [46m[30mBoard*[0m
[0m                                                                                          [46m[30mBoard[0m
[0m                                                                                                                     [30mStarted[0m
[0m                                                                                          [42m[30mRow[0m
------------------------------------------------------------------------------------------------------------------------------------------------[0m
[0m                                                                                                                              [30mStarted[0m
[0m                                                                                                                     [41m[30mBoard*[0m
[0m                                                                                                   [41m[30mBoard[0m
[0m                                                                                                                                       [30mStarted[0m
[0m                                                                                                                                       [46m[30mBoard*[0m
[0m                                                                                                                              [46m[30mBoard[0m
[0m                                                                                                                              [42m[30mRow[0m
------------------------------------------------------------------------------------------------------------------------------------------------[0m
[0m 

[0m
[0m [34mFast test round
------------------------------
[0m
LH1      ME1      ME2      LH2      LH3      LH4      ME3      LH5      LH6      ME4      ME5      ME6      ME7      LH7      ME8      LH8      
------------------------------------------------------------------------------------------------------------------------------------------------
[0m[30mStarted[0m
[0m         [30mStarted[0m
[0m                  [30mStarted[0m
[0m                  [46m[30mBoard*[0m
[0m                           [30mStarted[0m
[0m         [46m[30mBoard[0m
[0m                                    [30mStarted[0m
[0m                           [41m[30mBoard*[0m
[0m                                             [30mStarted[0m
[0m[41m[30mBoard[0m
[0m                                                      [30mStarted[0m
[0m[42m[30mRow[0m
------------------------------------------------------------------------------------------------------------------------------------------------[0m
[0m                                                               [30mStarted[0m
[0m                                    [41m[30mBoard*[0m
[0m                                             [41m[30mBoard[0m
[0m                                                                        [30mStarted[0m
[0m                                                                                 [30mStarted[0m
[0m                                                                                          [30mStarted[0m
[0m                                                                        [41m[30mBoard*[0m
[0m                                                               [41m[30mBoard[0m
[0m                                                                                                   [30mStarted[0m
[0m                                                               [42m[30mRow[0m
------------------------------------------------------------------------------------------------------------------------------------------------[0m
[0m                                                                                 [46m[30mBoard*[0m
[0m                                                      [46m[30mBoard[0m
[0m                                                                                                            [30mStarted[0m
[0m                                                                                                   [46m[30mBoard*[0m
[0m                                                                                                                     [30mStarted[0m
[0m                                                                                                                              [30mStarted[0m
[0m                                                                                          [46m[30mBoard[0m
[0m                                                                                                                                       [30mStarted[0m
[0m                                                                                          [42m[30mRow[0m
------------------------------------------------------------------------------------------------------------------------------------------------[0m
[0m                                                                                                                              [46m[30mBoard*[0m
[0m                                                                                                            [46m[30mBoard[0m
[0m                                                                                                                                       [41m[30mBoard*[0m
[0m                                                                                                                     [41m[30mBoard[0m
[0m                                                                                                                     [42m[30mRow[0m
------------------------------------------------------------------------------------------------------------------------------------------------[0m
[0m 

[0m
[0m [34mFast test round
------------------------------
[0m
LH1      ME1      ME2      LH2      ME3      LH3      LH4      LH5      ME4      LH6      ME5      LH7      LH8      ME6      ME7      ME8      
------------------------------------------------------------------------------------------------------------------------------------------------
[0m[30mStarted[0m
[0m         [30mStarted[0m
[0m                  [30mStarted[0m
[0m                  [46m[30mBoard*[0m
[0m                           [30mStarted[0m
[0m         [46m[30mBoard[0m
[0m                           [41m[30mBoard*[0m
[0m[41m[30mBoard[0m
[0m                                    [30mStarted[0m
[0m[42m[30mRow[0m
------------------------------------------------------------------------------------------------------------------------------------------------[0m
[0m                                             [30mStarted[0m
[0m                                                      [30mStarted[0m
[0m                                                      [41m[30mBoard*[0m
[0m                                                               [30mStarted[0m
[0m                                             [41m[30mBoard[0m
[0m                                                                        [30mStarted[0m
[0m                                                                        [46m[30mBoard*[0m
[0m                                                                                 [30mStarted[0m
[0m                                    [46m[30mBoard[0m
[0m                                                                                          [30mStarted[0m
[0m                                                                                                   [30mStarted[0m
[0m                                                                                                            [30mStarted[0m
[0m                                    [42m[30mRow[0m
------------------------------------------------------------------------------------------------------------------------------------------------[0m
[0m                                                                                 [41m[30mBoard*[0m
[0m                                                               [41m[30mBoard[0m
[0m                                                                                                            [41m[30mBoard*[0m
[0m                                                                                                   [41m[30mBoard[0m
[0m                                                                                                                     [30mStarted[0m
[0m                                                                                                                              [30mStarted[0m
[0m                                                                                                                                       [30mStarted[0m
[0m                                                                                                   [42m[30mRow[0m
------------------------------------------------------------------------------------------------------------------------------------------------[0m
[0m                                                                                                                     [46m[30mBoard*[0m
[0m                                                                                          [46m[30mBoard[0m
[0m                                                                                                                                       [46m[30mBoard*[0m
[0m                                                                                                                              [46m[30mBoard[0m
[0m                                                                                                                              [42m[30mRow[0m
------------------------------------------------------------------------------------------------------------------------------------------------[0m
