Which test do you want to run?
  1. Semaphore
  2. Channel
  3. Bound Channel
  4. Mutex
  5. Latch
  6. Barrier
  7. Light Switch
  8. Exchanger
  9. Active Object
 10. Semaphore FIFO
 11. Reader-Writer Lock
  Q. Quit
Enter: 
Reader-Writer Lock test
==============================

Tests have an access duration of 2.25 seconds, and wait 0.5 seconds between new requests
------------------------------

Test 1:

W1           W2           R1           R2           
----------------------------------------------------
[0m[43m[30mWAcq[0m
[0m[41m[30mWAcq[0m
[37m...
[0m             [43m[30mWAcq[0m
[0m                          [43m[30mRAcq[0m
[0m                                       [43m[30mRAcq[0m
[0m[43m[30mWRel[0m
[0m                          [42m[30mRAcq[0m
[0m                                       [42m[30mRAcq[0m
[0m[46m[30mWRel[0m
[37m...
[37m...
[0m                          [43m[30mRRel[0m
[0m                                       [43m[30mRRel[0m
[0m                          [46m[30mRRel[0m
[0m                                       [46m[30mRRel[0m
[0m             [41m[30mWAcq[0m
[37m...
[0m             [43m[30mWRel[0m
[0m             [46m[30mWRel[0m

Test 2:

W1           W2           R1           R2           R3           R4           W3           
-------------------------------------------------------------------------------------------
[0m[43m[30mWAcq[0m
[0m[41m[30mWAcq[0m
[37m...
[0m             [43m[30mWAcq[0m
[0m                          [43m[30mRAcq[0m
[0m                                       [43m[30mRAcq[0m
[0m                                                    [43m[30mRAcq[0m
[0m[43m[30mWRel[0m
[0m                          [42m[30mRAcq[0m
[0m                                       [42m[30mRAcq[0m
[0m[46m[30mWRel[0m
[0m                                                    [42m[30mRAcq[0m
[37m...
[37m...
[37m...
[0m                                                                 [43m[30mRAcq[0m
[0m                                                                              [43m[30mWAcq[0m
[0m                          [43m[30mRRel[0m
[0m                                       [43m[30mRRel[0m
[0m                                                    [43m[30mRRel[0m
[0m                                       [46m[30mRRel[0m
[0m                          [46m[30mRRel[0m
[0m                                                    [46m[30mRRel[0m
[0m             [41m[30mWAcq[0m
[37m...
[0m             [43m[30mWRel[0m
[0m             [46m[30mWRel[0m
[0m                                                                 [42m[30mRAcq[0m
[37m...
[0m                                                                 [43m[30mRRel[0m
[0m                                                                 [46m[30mRRel[0m
[0m                                                                              [41m[30mWAcq[0m
[37m...
[0m                                                                              [43m[30mWRel[0m
[0m                                                                              [46m[30mWRel[0m
[37m...

Test 1:

W1           W2           R1           R2           
----------------------------------------------------
[0m[43m[30mWAcq[0m
[0m[41m[30mWAcq[0m
[37m...
[0m             [43m[30mWAcq[0m
[0m                          [43m[30mRAcq[0m
[0m                                       [43m[30mRAcq[0m
[0m[43m[30mWRel[0m
[0m                          [42m[30mRAcq[0m
[0m[46m[30mWRel[0m
[0m                                       [42m[30mRAcq[0m
[37m...
[37m...
[0m                          [43m[30mRRel[0m
[0m                                       [43m[30mRRel[0m
[0m                          [46m[30mRRel[0m
[0m                                       [46m[30mRRel[0m
[0m             [41m[30mWAcq[0m
[37m...
[0m             [43m[30mWRel[0m
[0m             [46m[30mWRel[0m

Test 2:

W1           W2           R1           R2           R3           R4           W3           
-------------------------------------------------------------------------------------------
[0m[43m[30mWAcq[0m
[0m[41m[30mWAcq[0m
[37m...
[0m             [43m[30mWAcq[0m
[0m                          [43m[30mRAcq[0m
[0m                                       [43m[30mRAcq[0m
[0m                                                    [43m[30mRAcq[0m
[0m[43m[30mWRel[0m
[0m                          [42m[30mRAcq[0m
[0m                                       [42m[30mRAcq[0m
[0m[46m[30mWRel[0m
[0m                                                    [42m[30mRAcq[0m
[37m...
[37m...
[37m...
[0m                                                                 [43m[30mRAcq[0m
[0m                                                                              [43m[30mWAcq[0m
[0m                          [43m[30mRRel[0m
[0m                                       [43m[30mRRel[0m
[0m                          [46m[30mRRel[0m
[0m                                       [46m[30mRRel[0m
[0m                                                    [43m[30mRRel[0m
[0m                                                    [46m[30mRRel[0m
[0m             [41m[30mWAcq[0m
[37m...
[0m             [43m[30mWRel[0m
[0m                                                                 [42m[30mRAcq[0m
[0m             [46m[30mWRel[0m
[37m...
[0m                                                                 [43m[30mRRel[0m
[0m                                                                 [46m[30mRRel[0m
[0m                                                                              [41m[30mWAcq[0m
[37m...
[0m                                                                              [43m[30mWRel[0m
[0m                                                                              [46m[30mWRel[0m
[37m...
